<?xml version="1.0" encoding="UTF-8"?>
<!-- Generated by org.testng.reporters.JUnitReportReporter -->
<testsuite hostname="DESKTOP-VP7NJAU" failures="0" tests="1" name="Test.component.Testing_Checkin" time="10.160" errors="0" timestamp="2024-02-15T12:11:36 IST" skipped="0">
  <testcase classname="Test.component.Testing_Checkin" name="Testcases01_User_checkin" time="10.160"/>
  <system-out/>
</testsuite> <!-- Test.component.Testing_Checkin -->
