<?xml version="1.0" encoding="UTF-8"?>
<!-- Generated by org.testng.reporters.JUnitReportReporter -->
<testsuite hostname="DESKTOP-VP7NJAU" failures="0" tests="1" name="Test.component.OneWayTest" time="24.116" errors="0" timestamp="2024-02-15T21:08:28 IST" skipped="0">
  <testcase classname="Test.component.OneWayTest" name="TC20" time="24.116"/>
  <system-out/>
</testsuite> <!-- Test.component.OneWayTest -->
