<?xml version="1.0" encoding="UTF-8"?>
<!-- Generated by org.testng.reporters.JUnitReportReporter -->
<testsuite hostname="DESKTOP-VP7NJAU" failures="0" tests="1" name="Test.component.Testing_Flight" time="11.373" errors="0" timestamp="2024-02-14T23:24:06 IST" skipped="0">
  <testcase classname="Test.component.Testing_Flight" name="Testcases02_User_FlightStatus" time="11.373"/>
  <system-out/>
</testsuite> <!-- Test.component.Testing_Flight -->
