<?xml version="1.0" encoding="UTF-8"?>
<!-- Generated by org.testng.reporters.JUnitReportReporter -->
<testsuite hostname="DESKTOP-VP7NJAU" failures="0" tests="1" name="Test.component.Testing_flights" time="12.256" errors="0" timestamp="2024-02-14T20:36:06 IST" skipped="0">
  <testcase classname="Test.component.Testing_flights" name="Testcases_user_roundtrip" time="12.256"/>
  <system-out/>
</testsuite> <!-- Test.component.Testing_flights -->
