<?xml version="1.0" encoding="UTF-8"?>
<!-- Generated by org.testng.reporters.JUnitReportReporter -->
<testsuite hostname="DESKTOP-VP7NJAU" failures="0" tests="2" name="Test.component.LoginPageTest" time="13.229" errors="0" timestamp="2024-02-13T23:00:25 IST" skipped="0">
  <testcase classname="Test.component.LoginPageTest" name="TestCases11b_Browser" time="5.647"/>
  <system-out/>
  <testcase classname="Test.component.LoginPageTest" name="TestCases12_User_login" time="7.582"/>
  <system-out/>
</testsuite> <!-- Test.component.LoginPageTest -->
