<?xml version="1.0" encoding="UTF-8"?>
<!-- Generated by org.testng.reporters.JUnitReportReporter -->
<testsuite hostname="DESKTOP-VP7NJAU" failures="0" tests="1" name="Test.component.Testing_Manage" time="10.553" errors="0" timestamp="2024-02-15T09:30:59 IST" skipped="0">
  <testcase classname="Test.component.Testing_Manage" name="Testcases03_User_Manage" time="10.553"/>
  <system-out/>
</testsuite> <!-- Test.component.Testing_Manage -->
