<?xml version="1.0" encoding="UTF-8"?>
<!-- Generated by org.testng.reporters.JUnitReportReporter -->
<testsuite hostname="DESKTOP-VP7NJAU" failures="0" tests="5" name="Test.component.TestCase_2" time="73.233" errors="0" timestamp="2024-02-17T13:04:48 IST" skipped="0">
  <testcase classname="Test.component.TestCase_2" name="TestCases03_User_Oneway" time="22.739"/>
  <system-out/>
  <testcase classname="Test.component.TestCase_2" name="Testcases04_user_roundtrip" time="17.310"/>
  <system-out/>
  <testcase classname="Test.component.TestCase_2" name="Testcases05_User_checkin" time="10.365"/>
  <system-out/>
  <testcase classname="Test.component.TestCase_2" name="Testcases06_User_FlightStatus" time="11.085"/>
  <system-out/>
  <testcase classname="Test.component.TestCase_2" name="Testcases07_User_Manage" time="11.734"/>
  <system-out/>
</testsuite> <!-- Test.component.TestCase_2 -->
