<?xml version="1.0" encoding="UTF-8"?>
<!-- Generated by org.testng.reporters.JUnitReportReporter -->
<testsuite hostname="DESKTOP-VP7NJAU" failures="0" tests="1" name="Test.component.Testcase_3" time="10.148" errors="0" timestamp="2024-02-16T00:33:12 IST" skipped="0">
  <testcase classname="Test.component.Testcase_3" name="Testcases07_User_Manage" time="10.148"/>
  <system-out/>
</testsuite> <!-- Test.component.Testcase_3 -->
