<?xml version="1.0" encoding="UTF-8"?>
<!-- Generated by org.testng.reporters.JUnitReportReporter -->
<testsuite hostname="DESKTOP-VP7NJAU" failures="0" tests="1" name="Test.component.TestPage" time="13.635" errors="0" timestamp="2024-02-08T23:17:07 IST" skipped="0">
  <testcase classname="Test.component.TestPage" name="TestCases01" time="13.635"/>
  <system-out/>
</testsuite> <!-- Test.component.TestPage -->
